2025-02-20 00:04:45.522 [background-preinit] INFO  o.h.validator.internal.util.Version - HV000001: Hibernate Validator 6.2.3.Final
2025-02-20 00:04:45.525 [main] INFO  com.blog.RssServerApplication - Starting RssServerApplication using Java 1.8.0_341 on xiangqiancaodeMacBook-Pro.local with PID 4176 (/Users/xiangqiancao/Desktop/blog/blog-server/target/classes started by xiangqiancao in /Users/xiangqiancao/Desktop/blog/blog-server)
2025-02-20 00:04:45.530 [main] INFO  com.blog.RssServerApplication - No active profile set, falling back to 1 default profile: "default"
2025-02-20 00:04:47.010 [main] INFO  o.s.b.w.e.tomcat.TomcatWebServer - Tomcat initialized with port(s): 8080 (http)
2025-02-20 00:04:47.019 [main] INFO  o.a.coyote.http11.Http11NioProtocol - Initializing ProtocolHandler ["http-nio-8080"]
2025-02-20 00:04:47.019 [main] INFO  o.a.catalina.core.StandardService - Starting service [Tomcat]
2025-02-20 00:04:47.019 [main] INFO  o.a.catalina.core.StandardEngine - Starting Servlet engine: [Apache Tomcat/9.0.63]
2025-02-20 00:04:47.158 [main] INFO  o.a.c.c.C.[Tomcat].[localhost].[/] - Initializing Spring embedded WebApplicationContext
2025-02-20 00:04:47.159 [main] INFO  o.s.b.w.s.c.ServletWebServerApplicationContext - Root WebApplicationContext: initialization completed in 1574 ms
2025-02-20 00:04:47.633 [main] INFO  com.blog.config.MinioConfig - Initializing MinIO client with endpoint: http://localhost:9000
2025-02-20 00:04:48.696 [main] INFO  o.s.s.web.DefaultSecurityFilterChain - Will secure any request with [org.springframework.security.web.session.DisableEncodeUrlFilter@4ca970d5, org.springframework.security.web.context.request.async.WebAsyncManagerIntegrationFilter@dc8b2ff, org.springframework.security.web.context.SecurityContextPersistenceFilter@134c38, org.springframework.security.web.header.HeaderWriterFilter@491893f8, org.springframework.web.filter.CorsFilter@6a2badb1, org.springframework.security.web.authentication.logout.LogoutFilter@5fdb7394, com.blog.security.JwtAuthenticationFilter@4b41587d, org.springframework.security.web.savedrequest.RequestCacheAwareFilter@77c692b4, org.springframework.security.web.servletapi.SecurityContextHolderAwareRequestFilter@5fa0141f, org.springframework.security.web.authentication.AnonymousAuthenticationFilter@14201a90, org.springframework.security.web.session.SessionManagementFilter@3b3546a3, org.springframework.security.web.access.ExceptionTranslationFilter@74fc3fc7, org.springframework.security.web.access.intercept.FilterSecurityInterceptor@340c57e0]
2025-02-20 00:04:49.035 [main] INFO  o.a.coyote.http11.Http11NioProtocol - Starting ProtocolHandler ["http-nio-8080"]
2025-02-20 00:04:49.058 [main] INFO  o.s.b.w.e.tomcat.TomcatWebServer - Tomcat started on port(s): 8080 (http) with context path ''
2025-02-20 00:04:49.067 [main] INFO  com.blog.RssServerApplication - Started RssServerApplication in 4.544 seconds (JVM running for 5.46)
2025-02-20 00:04:52.740 [http-nio-8080-exec-1] INFO  o.a.c.c.C.[Tomcat].[localhost].[/] - Initializing Spring DispatcherServlet 'dispatcherServlet'
2025-02-20 00:04:52.740 [http-nio-8080-exec-1] INFO  o.s.web.servlet.DispatcherServlet - Initializing Servlet 'dispatcherServlet'
2025-02-20 00:04:52.741 [http-nio-8080-exec-1] INFO  o.s.web.servlet.DispatcherServlet - Completed initialization in 1 ms
2025-02-20 00:04:53.953 [http-nio-8080-exec-8] INFO  o.s.api.AbstractOpenApiResource - Init duration for springdoc-openapi is: 862 ms
2025-02-20 00:06:55.250 [main] INFO  com.blog.RssServerApplication - Starting RssServerApplication using Java 1.8.0_341 on xiangqiancaodeMacBook-Pro.local with PID 4251 (/Users/xiangqiancao/Desktop/blog/blog-server/target/classes started by xiangqiancao in /Users/xiangqiancao/Desktop/blog/blog-server)
2025-02-20 00:06:55.253 [background-preinit] INFO  o.h.validator.internal.util.Version - HV000001: Hibernate Validator 6.2.3.Final
2025-02-20 00:06:55.256 [main] INFO  com.blog.RssServerApplication - No active profile set, falling back to 1 default profile: "default"
2025-02-20 00:06:57.087 [main] INFO  o.s.b.w.e.tomcat.TomcatWebServer - Tomcat initialized with port(s): 8080 (http)
2025-02-20 00:06:57.096 [main] INFO  o.a.coyote.http11.Http11NioProtocol - Initializing ProtocolHandler ["http-nio-8080"]
2025-02-20 00:06:57.097 [main] INFO  o.a.catalina.core.StandardService - Starting service [Tomcat]
2025-02-20 00:06:57.097 [main] INFO  o.a.catalina.core.StandardEngine - Starting Servlet engine: [Apache Tomcat/9.0.63]
2025-02-20 00:06:57.236 [main] INFO  o.a.c.c.C.[Tomcat].[localhost].[/] - Initializing Spring embedded WebApplicationContext
2025-02-20 00:06:57.236 [main] INFO  o.s.b.w.s.c.ServletWebServerApplicationContext - Root WebApplicationContext: initialization completed in 1913 ms
2025-02-20 00:06:57.834 [main] INFO  com.blog.config.MinioConfig - Initializing MinIO client with endpoint: http://localhost:9000
2025-02-20 00:06:58.825 [main] INFO  o.s.s.web.DefaultSecurityFilterChain - Will secure any request with [org.springframework.security.web.session.DisableEncodeUrlFilter@2570b316, org.springframework.security.web.context.request.async.WebAsyncManagerIntegrationFilter@56881196, org.springframework.security.web.context.SecurityContextPersistenceFilter@2807cf3, org.springframework.security.web.header.HeaderWriterFilter@15e5246, org.springframework.web.filter.CorsFilter@75c33608, org.springframework.security.web.authentication.logout.LogoutFilter@4bf8b77, com.blog.security.JwtAuthenticationFilter@6b162ecc, org.springframework.security.web.savedrequest.RequestCacheAwareFilter@70cf7d1e, org.springframework.security.web.servletapi.SecurityContextHolderAwareRequestFilter@72f3f14c, org.springframework.security.web.authentication.AnonymousAuthenticationFilter@25464154, org.springframework.security.web.session.SessionManagementFilter@542ff147, org.springframework.security.web.access.ExceptionTranslationFilter@70139a81, org.springframework.security.web.access.intercept.FilterSecurityInterceptor@75b363c3]
2025-02-20 00:06:59.221 [main] INFO  o.a.coyote.http11.Http11NioProtocol - Starting ProtocolHandler ["http-nio-8080"]
2025-02-20 00:06:59.247 [main] INFO  o.s.b.w.e.tomcat.TomcatWebServer - Tomcat started on port(s): 8080 (http) with context path ''
2025-02-20 00:06:59.260 [main] INFO  com.blog.RssServerApplication - Started RssServerApplication in 4.915 seconds (JVM running for 5.863)
2025-02-20 00:07:02.921 [http-nio-8080-exec-1] INFO  o.a.c.c.C.[Tomcat].[localhost].[/] - Initializing Spring DispatcherServlet 'dispatcherServlet'
2025-02-20 00:07:02.922 [http-nio-8080-exec-1] INFO  o.s.web.servlet.DispatcherServlet - Initializing Servlet 'dispatcherServlet'
2025-02-20 00:07:02.924 [http-nio-8080-exec-1] INFO  o.s.web.servlet.DispatcherServlet - Completed initialization in 2 ms
2025-02-20 00:07:04.319 [http-nio-8080-exec-8] INFO  o.s.api.AbstractOpenApiResource - Init duration for springdoc-openapi is: 917 ms
2025-02-20 00:08:54.287 [background-preinit] INFO  o.h.validator.internal.util.Version - HV000001: Hibernate Validator 6.2.3.Final
2025-02-20 00:08:54.294 [main] INFO  com.blog.RssServerApplication - Starting RssServerApplication using Java 1.8.0_341 on xiangqiancaodeMacBook-Pro.local with PID 4332 (/Users/xiangqiancao/Desktop/blog/blog-server/target/classes started by xiangqiancao in /Users/xiangqiancao/Desktop/blog/blog-server)
2025-02-20 00:08:54.295 [main] INFO  com.blog.RssServerApplication - No active profile set, falling back to 1 default profile: "default"
2025-02-20 00:08:56.163 [main] INFO  o.s.b.w.e.tomcat.TomcatWebServer - Tomcat initialized with port(s): 8080 (http)
2025-02-20 00:08:56.171 [main] INFO  o.a.coyote.http11.Http11NioProtocol - Initializing ProtocolHandler ["http-nio-8080"]
2025-02-20 00:08:56.171 [main] INFO  o.a.catalina.core.StandardService - Starting service [Tomcat]
2025-02-20 00:08:56.171 [main] INFO  o.a.catalina.core.StandardEngine - Starting Servlet engine: [Apache Tomcat/9.0.63]
2025-02-20 00:08:56.292 [main] INFO  o.a.c.c.C.[Tomcat].[localhost].[/] - Initializing Spring embedded WebApplicationContext
2025-02-20 00:08:56.292 [main] INFO  o.s.b.w.s.c.ServletWebServerApplicationContext - Root WebApplicationContext: initialization completed in 1934 ms
2025-02-20 00:08:56.755 [main] INFO  com.blog.config.MinioConfig - Initializing MinIO client with endpoint: http://localhost:9000
2025-02-20 00:08:57.789 [main] INFO  o.s.s.web.DefaultSecurityFilterChain - Will secure any request with [org.springframework.security.web.session.DisableEncodeUrlFilter@319aa9ee, org.springframework.security.web.context.request.async.WebAsyncManagerIntegrationFilter@1d806de6, org.springframework.security.web.context.SecurityContextPersistenceFilter@15f519f7, org.springframework.security.web.header.HeaderWriterFilter@41be8db9, org.springframework.web.filter.CorsFilter@2b9d4b0, org.springframework.security.web.authentication.logout.LogoutFilter@12f8682a, com.blog.security.JwtAuthenticationFilter@6f85ee02, org.springframework.security.web.savedrequest.RequestCacheAwareFilter@e06ec83, org.springframework.security.web.servletapi.SecurityContextHolderAwareRequestFilter@628962e5, org.springframework.security.web.authentication.AnonymousAuthenticationFilter@4f541e67, org.springframework.security.web.session.SessionManagementFilter@43d3995f, org.springframework.security.web.access.ExceptionTranslationFilter@4cb4c4cc, org.springframework.security.web.access.intercept.FilterSecurityInterceptor@67c0c90b]
2025-02-20 00:08:58.246 [main] INFO  o.a.coyote.http11.Http11NioProtocol - Starting ProtocolHandler ["http-nio-8080"]
2025-02-20 00:08:58.268 [main] INFO  o.s.b.w.e.tomcat.TomcatWebServer - Tomcat started on port(s): 8080 (http) with context path ''
2025-02-20 00:08:58.280 [main] INFO  com.blog.RssServerApplication - Started RssServerApplication in 5.283 seconds (JVM running for 6.574)
2025-02-20 00:09:01.063 [http-nio-8080-exec-1] INFO  o.a.c.c.C.[Tomcat].[localhost].[/] - Initializing Spring DispatcherServlet 'dispatcherServlet'
2025-02-20 00:09:01.063 [http-nio-8080-exec-1] INFO  o.s.web.servlet.DispatcherServlet - Initializing Servlet 'dispatcherServlet'
2025-02-20 00:09:01.065 [http-nio-8080-exec-1] INFO  o.s.web.servlet.DispatcherServlet - Completed initialization in 2 ms
2025-02-20 00:09:02.267 [http-nio-8080-exec-9] INFO  o.s.api.AbstractOpenApiResource - Init duration for springdoc-openapi is: 875 ms
2025-02-20 00:10:42.715 [main] INFO  com.blog.RssServerApplication - Starting RssServerApplication using Java 1.8.0_341 on xiangqiancaodeMacBook-Pro.local with PID 4383 (/Users/xiangqiancao/Desktop/blog/blog-server/target/classes started by xiangqiancao in /Users/xiangqiancao/Desktop/blog/blog-server)
2025-02-20 00:10:42.713 [background-preinit] INFO  o.h.validator.internal.util.Version - HV000001: Hibernate Validator 6.2.3.Final
2025-02-20 00:10:42.717 [main] INFO  com.blog.RssServerApplication - No active profile set, falling back to 1 default profile: "default"
2025-02-20 00:10:44.168 [main] INFO  o.s.b.w.e.tomcat.TomcatWebServer - Tomcat initialized with port(s): 8080 (http)
2025-02-20 00:10:44.175 [main] INFO  o.a.coyote.http11.Http11NioProtocol - Initializing ProtocolHandler ["http-nio-8080"]
2025-02-20 00:10:44.176 [main] INFO  o.a.catalina.core.StandardService - Starting service [Tomcat]
2025-02-20 00:10:44.176 [main] INFO  o.a.catalina.core.StandardEngine - Starting Servlet engine: [Apache Tomcat/9.0.63]
2025-02-20 00:10:44.292 [main] INFO  o.a.c.c.C.[Tomcat].[localhost].[/] - Initializing Spring embedded WebApplicationContext
2025-02-20 00:10:44.293 [main] INFO  o.s.b.w.s.c.ServletWebServerApplicationContext - Root WebApplicationContext: initialization completed in 1526 ms
2025-02-20 00:10:44.742 [main] INFO  com.blog.config.MinioConfig - Initializing MinIO client with endpoint: http://localhost:9000
2025-02-20 00:10:45.719 [main] INFO  o.s.s.web.DefaultSecurityFilterChain - Will secure any request with [org.springframework.security.web.session.DisableEncodeUrlFilter@21ea1d9d, org.springframework.security.web.context.request.async.WebAsyncManagerIntegrationFilter@19f497aa, org.springframework.security.web.context.SecurityContextPersistenceFilter@708769b7, org.springframework.security.web.header.HeaderWriterFilter@110620d, org.springframework.web.filter.CorsFilter@36a58466, org.springframework.security.web.authentication.logout.LogoutFilter@3b3546a3, com.blog.security.JwtAuthenticationFilter@69ed5ea2, org.springframework.security.web.savedrequest.RequestCacheAwareFilter@33187485, org.springframework.security.web.servletapi.SecurityContextHolderAwareRequestFilter@41938e1e, org.springframework.security.web.authentication.AnonymousAuthenticationFilter@78e387d6, org.springframework.security.web.session.SessionManagementFilter@323e026d, org.springframework.security.web.access.ExceptionTranslationFilter@353b0719, org.springframework.security.web.access.intercept.FilterSecurityInterceptor@11cc9e1e]
2025-02-20 00:10:46.089 [main] INFO  o.a.coyote.http11.Http11NioProtocol - Starting ProtocolHandler ["http-nio-8080"]
2025-02-20 00:10:46.113 [main] INFO  o.s.b.w.e.tomcat.TomcatWebServer - Tomcat started on port(s): 8080 (http) with context path ''
2025-02-20 00:10:46.123 [main] INFO  com.blog.RssServerApplication - Started RssServerApplication in 4.159 seconds (JVM running for 5.021)
2025-02-20 00:10:53.975 [http-nio-8080-exec-1] INFO  o.a.c.c.C.[Tomcat].[localhost].[/] - Initializing Spring DispatcherServlet 'dispatcherServlet'
2025-02-20 00:10:53.975 [http-nio-8080-exec-1] INFO  o.s.web.servlet.DispatcherServlet - Initializing Servlet 'dispatcherServlet'
2025-02-20 00:10:53.977 [http-nio-8080-exec-1] INFO  o.s.web.servlet.DispatcherServlet - Completed initialization in 2 ms
2025-02-20 00:10:55.186 [http-nio-8080-exec-7] INFO  o.s.api.AbstractOpenApiResource - Init duration for springdoc-openapi is: 878 ms
2025-02-20 00:17:34.083 [http-nio-8080-exec-10] INFO  com.blog.aspect.WebLogAspect - ========================================== Start ==========================================
2025-02-20 00:17:34.084 [http-nio-8080-exec-10] INFO  com.blog.aspect.WebLogAspect - User Info      : 未登录用户
2025-02-20 00:17:34.084 [http-nio-8080-exec-10] INFO  com.blog.aspect.WebLogAspect - URL            : http://localhost:8080/api/auth/login
2025-02-20 00:17:34.084 [http-nio-8080-exec-10] INFO  com.blog.aspect.WebLogAspect - HTTP Method    : POST
2025-02-20 00:17:34.085 [http-nio-8080-exec-10] INFO  com.blog.aspect.WebLogAspect - Class Method   : com.blog.controller.AuthController.login
2025-02-20 00:17:34.086 [http-nio-8080-exec-10] INFO  com.blog.aspect.WebLogAspect - IP             : 0:0:0:0:0:0:0:1
2025-02-20 00:17:34.086 [http-nio-8080-exec-10] INFO  com.blog.aspect.WebLogAspect - Request Args   : [LoginRequest(username=admin, password=$2a$10$N.zmdr9k7uOCQb376NoUnuTJ8iAt6Z5EHsM8lE9lBOsl7iKTVKIUi)]
2025-02-20 00:17:34.215 [http-nio-8080-exec-10] INFO  com.zaxxer.hikari.HikariDataSource - HikariPool-1 - Starting...
2025-02-20 00:17:34.472 [http-nio-8080-exec-10] INFO  com.zaxxer.hikari.HikariDataSource - HikariPool-1 - Start completed.
2025-02-20 00:17:34.484 [http-nio-8080-exec-10] DEBUG c.b.r.U.selectByUsername - ==>  Preparing: select id, username, password, email, avatar_url, role, is_deleted, create_time, update_time from users where username = ? and is_deleted = false
2025-02-20 00:17:34.528 [http-nio-8080-exec-10] DEBUG c.b.r.U.selectByUsername - ==> Parameters: admin(String)
2025-02-20 00:17:34.657 [http-nio-8080-exec-10] ERROR com.blog.aspect.WebLogAspect - Request Error  : 
### Error querying database.  Cause: java.sql.SQLSyntaxErrorException: Unknown column 'avatar_url' in 'field list'
### The error may exist in file [/Users/xiangqiancao/Desktop/blog/blog-server/target/classes/mapper/UserRepository.xml]
### The error may involve com.blog.repository.UserRepository.selectByUsername-Inline
### The error occurred while setting parameters
### SQL: select                    id, username, password, email, avatar_url, role,         is_deleted, create_time, update_time               from users         where username = ? and is_deleted = false
### Cause: java.sql.SQLSyntaxErrorException: Unknown column 'avatar_url' in 'field list'
; bad SQL grammar []; nested exception is java.sql.SQLSyntaxErrorException: Unknown column 'avatar_url' in 'field list'
2025-02-20 00:17:34.660 [http-nio-8080-exec-10] INFO  com.blog.aspect.WebLogAspect - Time Cost      : 579 ms
2025-02-20 00:17:34.661 [http-nio-8080-exec-10] INFO  com.blog.aspect.WebLogAspect - =========================================== End ===========================================
2025-02-20 00:18:58.231 [http-nio-8080-exec-9] INFO  com.blog.aspect.WebLogAspect - ========================================== Start ==========================================
2025-02-20 00:18:58.232 [http-nio-8080-exec-9] INFO  com.blog.aspect.WebLogAspect - User Info      : 未登录用户
2025-02-20 00:18:58.232 [http-nio-8080-exec-9] INFO  com.blog.aspect.WebLogAspect - URL            : http://localhost:8080/api/auth/login
2025-02-20 00:18:58.232 [http-nio-8080-exec-9] INFO  com.blog.aspect.WebLogAspect - HTTP Method    : POST
2025-02-20 00:18:58.232 [http-nio-8080-exec-9] INFO  com.blog.aspect.WebLogAspect - Class Method   : com.blog.controller.AuthController.login
2025-02-20 00:18:58.232 [http-nio-8080-exec-9] INFO  com.blog.aspect.WebLogAspect - IP             : 0:0:0:0:0:0:0:1
2025-02-20 00:18:58.232 [http-nio-8080-exec-9] INFO  com.blog.aspect.WebLogAspect - Request Args   : [LoginRequest(username=admin, password=$2a$10$N.zmdr9k7uOCQb376NoUnuTJ8iAt6Z5EHsM8lE9lBOsl7iKTVKIUi)]
2025-02-20 00:18:58.268 [http-nio-8080-exec-9] DEBUG c.b.r.U.selectByUsername - ==>  Preparing: select id, username, password, email, avatar_url, role, is_deleted, create_time, update_time from users where username = ? and is_deleted = false
2025-02-20 00:18:58.269 [http-nio-8080-exec-9] DEBUG c.b.r.U.selectByUsername - ==> Parameters: admin(String)
2025-02-20 00:18:58.271 [http-nio-8080-exec-9] ERROR com.blog.aspect.WebLogAspect - Request Error  : 
### Error querying database.  Cause: java.sql.SQLSyntaxErrorException: Unknown column 'avatar_url' in 'field list'
### The error may exist in file [/Users/xiangqiancao/Desktop/blog/blog-server/target/classes/mapper/UserRepository.xml]
### The error may involve com.blog.repository.UserRepository.selectByUsername-Inline
### The error occurred while setting parameters
### SQL: select                    id, username, password, email, avatar_url, role,         is_deleted, create_time, update_time               from users         where username = ? and is_deleted = false
### Cause: java.sql.SQLSyntaxErrorException: Unknown column 'avatar_url' in 'field list'
; bad SQL grammar []; nested exception is java.sql.SQLSyntaxErrorException: Unknown column 'avatar_url' in 'field list'
2025-02-20 00:18:58.271 [http-nio-8080-exec-9] INFO  com.blog.aspect.WebLogAspect - Time Cost      : 40 ms
2025-02-20 00:18:58.271 [http-nio-8080-exec-9] INFO  com.blog.aspect.WebLogAspect - =========================================== End ===========================================
2025-02-20 00:19:24.944 [SpringApplicationShutdownHook] INFO  com.zaxxer.hikari.HikariDataSource - HikariPool-1 - Shutdown initiated...
2025-02-20 00:19:24.953 [SpringApplicationShutdownHook] INFO  com.zaxxer.hikari.HikariDataSource - HikariPool-1 - Shutdown completed.
2025-02-20 00:19:30.633 [background-preinit] INFO  o.h.validator.internal.util.Version - HV000001: Hibernate Validator 6.2.3.Final
2025-02-20 00:19:30.633 [main] INFO  com.blog.RssServerApplication - Starting RssServerApplication using Java 1.8.0_341 on xiangqiancaodeMacBook-Pro.local with PID 4623 (/Users/xiangqiancao/Desktop/blog/blog-server/target/classes started by xiangqiancao in /Users/xiangqiancao/Desktop/blog/blog-server)
2025-02-20 00:19:30.636 [main] INFO  com.blog.RssServerApplication - No active profile set, falling back to 1 default profile: "default"
2025-02-20 00:19:32.122 [main] INFO  o.s.b.w.e.tomcat.TomcatWebServer - Tomcat initialized with port(s): 8080 (http)
2025-02-20 00:19:32.134 [main] INFO  o.a.coyote.http11.Http11NioProtocol - Initializing ProtocolHandler ["http-nio-8080"]
2025-02-20 00:19:32.135 [main] INFO  o.a.catalina.core.StandardService - Starting service [Tomcat]
2025-02-20 00:19:32.135 [main] INFO  o.a.catalina.core.StandardEngine - Starting Servlet engine: [Apache Tomcat/9.0.63]
2025-02-20 00:19:32.387 [main] INFO  o.a.c.c.C.[Tomcat].[localhost].[/] - Initializing Spring embedded WebApplicationContext
2025-02-20 00:19:32.388 [main] INFO  o.s.b.w.s.c.ServletWebServerApplicationContext - Root WebApplicationContext: initialization completed in 1706 ms
2025-02-20 00:19:32.969 [main] INFO  com.blog.config.MinioConfig - Initializing MinIO client with endpoint: http://localhost:9000
2025-02-20 00:19:33.958 [main] INFO  o.s.s.web.DefaultSecurityFilterChain - Will secure any request with [org.springframework.security.web.session.DisableEncodeUrlFilter@78b9155e, org.springframework.security.web.context.request.async.WebAsyncManagerIntegrationFilter@2ceb68a1, org.springframework.security.web.context.SecurityContextPersistenceFilter@778113f2, org.springframework.security.web.header.HeaderWriterFilter@410382cb, org.springframework.web.filter.CorsFilter@6de33fde, org.springframework.security.web.authentication.logout.LogoutFilter@b0d3e7, com.blog.security.JwtAuthenticationFilter@5e599100, org.springframework.security.web.savedrequest.RequestCacheAwareFilter@61e14b53, org.springframework.security.web.servletapi.SecurityContextHolderAwareRequestFilter@31b6b0c7, org.springframework.security.web.authentication.AnonymousAuthenticationFilter@69c33ea2, org.springframework.security.web.session.SessionManagementFilter@28ce75ec, org.springframework.security.web.access.ExceptionTranslationFilter@628962e5, org.springframework.security.web.access.intercept.FilterSecurityInterceptor@4a453f8d]
2025-02-20 00:19:34.303 [main] INFO  o.a.coyote.http11.Http11NioProtocol - Starting ProtocolHandler ["http-nio-8080"]
2025-02-20 00:19:34.325 [main] INFO  o.s.b.w.e.tomcat.TomcatWebServer - Tomcat started on port(s): 8080 (http) with context path ''
2025-02-20 00:19:34.337 [main] INFO  com.blog.RssServerApplication - Started RssServerApplication in 4.574 seconds (JVM running for 5.554)
2025-02-20 00:19:38.597 [http-nio-8080-exec-1] INFO  o.a.c.c.C.[Tomcat].[localhost].[/] - Initializing Spring DispatcherServlet 'dispatcherServlet'
2025-02-20 00:19:38.597 [http-nio-8080-exec-1] INFO  o.s.web.servlet.DispatcherServlet - Initializing Servlet 'dispatcherServlet'
2025-02-20 00:19:38.599 [http-nio-8080-exec-1] INFO  o.s.web.servlet.DispatcherServlet - Completed initialization in 2 ms
2025-02-20 00:19:38.762 [http-nio-8080-exec-1] INFO  com.blog.aspect.WebLogAspect - ========================================== Start ==========================================
2025-02-20 00:19:38.762 [http-nio-8080-exec-1] INFO  com.blog.aspect.WebLogAspect - User Info      : 未登录用户
2025-02-20 00:19:38.763 [http-nio-8080-exec-1] INFO  com.blog.aspect.WebLogAspect - URL            : http://localhost:8080/api/auth/login
2025-02-20 00:19:38.763 [http-nio-8080-exec-1] INFO  com.blog.aspect.WebLogAspect - HTTP Method    : POST
2025-02-20 00:19:38.765 [http-nio-8080-exec-1] INFO  com.blog.aspect.WebLogAspect - Class Method   : com.blog.controller.AuthController.login
2025-02-20 00:19:38.765 [http-nio-8080-exec-1] INFO  com.blog.aspect.WebLogAspect - IP             : 0:0:0:0:0:0:0:1
2025-02-20 00:19:38.765 [http-nio-8080-exec-1] INFO  com.blog.aspect.WebLogAspect - Request Args   : [LoginRequest(username=admin, password=$2a$10$N.zmdr9k7uOCQb376NoUnuTJ8iAt6Z5EHsM8lE9lBOsl7iKTVKIUi)]
2025-02-20 00:19:38.908 [http-nio-8080-exec-1] INFO  com.zaxxer.hikari.HikariDataSource - HikariPool-1 - Starting...
2025-02-20 00:19:39.186 [http-nio-8080-exec-1] INFO  com.zaxxer.hikari.HikariDataSource - HikariPool-1 - Start completed.
2025-02-20 00:19:39.193 [http-nio-8080-exec-1] DEBUG c.b.r.U.selectByUsername - ==>  Preparing: select id, username, password, email, avatar_url, role, is_deleted, create_time, update_time from users where username = ? and is_deleted = false
2025-02-20 00:19:39.212 [http-nio-8080-exec-1] DEBUG c.b.r.U.selectByUsername - ==> Parameters: admin(String)
2025-02-20 00:19:39.265 [http-nio-8080-exec-1] ERROR com.blog.aspect.WebLogAspect - Request Error  : 
### Error querying database.  Cause: java.sql.SQLSyntaxErrorException: Unknown column 'avatar_url' in 'field list'
### The error may exist in file [/Users/xiangqiancao/Desktop/blog/blog-server/target/classes/mapper/UserRepository.xml]
### The error may involve com.blog.repository.UserRepository.selectByUsername-Inline
### The error occurred while setting parameters
### SQL: select                    id, username, password, email, avatar_url, role,         is_deleted, create_time, update_time               from users         where username = ? and is_deleted = false
### Cause: java.sql.SQLSyntaxErrorException: Unknown column 'avatar_url' in 'field list'
; bad SQL grammar []; nested exception is java.sql.SQLSyntaxErrorException: Unknown column 'avatar_url' in 'field list'
2025-02-20 00:19:39.265 [http-nio-8080-exec-1] INFO  com.blog.aspect.WebLogAspect - Time Cost      : 504 ms
2025-02-20 00:19:39.265 [http-nio-8080-exec-1] INFO  com.blog.aspect.WebLogAspect - =========================================== End ===========================================
2025-02-20 00:20:53.670 [SpringApplicationShutdownHook] INFO  com.zaxxer.hikari.HikariDataSource - HikariPool-1 - Shutdown initiated...
2025-02-20 00:20:53.678 [SpringApplicationShutdownHook] INFO  com.zaxxer.hikari.HikariDataSource - HikariPool-1 - Shutdown completed.
2025-02-20 00:22:58.887 [background-preinit] INFO  o.h.validator.internal.util.Version - HV000001: Hibernate Validator 6.2.3.Final
2025-02-20 00:22:58.896 [main] INFO  com.blog.RssServerApplication - Starting RssServerApplication using Java 1.8.0_341 on xiangqiancaodeMacBook-Pro.local with PID 4779 (/Users/xiangqiancao/Desktop/blog/blog-server/target/classes started by xiangqiancao in /Users/xiangqiancao/Desktop/blog/blog-server)
2025-02-20 00:22:58.897 [main] INFO  com.blog.RssServerApplication - No active profile set, falling back to 1 default profile: "default"
2025-02-20 00:23:01.085 [main] INFO  o.s.b.w.e.tomcat.TomcatWebServer - Tomcat initialized with port(s): 8080 (http)
2025-02-20 00:23:01.101 [main] INFO  o.a.coyote.http11.Http11NioProtocol - Initializing ProtocolHandler ["http-nio-8080"]
2025-02-20 00:23:01.101 [main] INFO  o.a.catalina.core.StandardService - Starting service [Tomcat]
2025-02-20 00:23:01.101 [main] INFO  o.a.catalina.core.StandardEngine - Starting Servlet engine: [Apache Tomcat/9.0.63]
2025-02-20 00:23:01.285 [main] INFO  o.a.c.c.C.[Tomcat].[localhost].[/] - Initializing Spring embedded WebApplicationContext
2025-02-20 00:23:01.285 [main] INFO  o.s.b.w.s.c.ServletWebServerApplicationContext - Root WebApplicationContext: initialization completed in 2322 ms
2025-02-20 00:23:01.876 [main] INFO  com.blog.config.MinioConfig - Initializing MinIO client with endpoint: http://localhost:9000
2025-02-20 00:23:02.372 [main] INFO  c.blog.service.impl.FileServiceImpl - Created bucket: blog
2025-02-20 00:23:02.965 [main] INFO  o.s.s.web.DefaultSecurityFilterChain - Will secure any request with [org.springframework.security.web.session.DisableEncodeUrlFilter@4449a60b, org.springframework.security.web.context.request.async.WebAsyncManagerIntegrationFilter@da5d5e1, org.springframework.security.web.context.SecurityContextPersistenceFilter@2d801d8, org.springframework.security.web.header.HeaderWriterFilter@70139a81, org.springframework.web.filter.CorsFilter@7d7d8911, org.springframework.security.web.authentication.logout.LogoutFilter@6181bc4a, com.blog.security.JwtAuthenticationFilter@4ed18798, org.springframework.security.web.savedrequest.RequestCacheAwareFilter@536da29c, org.springframework.security.web.servletapi.SecurityContextHolderAwareRequestFilter@58fbcb71, org.springframework.security.web.authentication.AnonymousAuthenticationFilter@460eb276, org.springframework.security.web.session.SessionManagementFilter@632d4cf2, org.springframework.security.web.access.ExceptionTranslationFilter@4fa5cc73, org.springframework.security.web.access.intercept.FilterSecurityInterceptor@73385d3f]
2025-02-20 00:23:03.407 [main] INFO  o.a.coyote.http11.Http11NioProtocol - Starting ProtocolHandler ["http-nio-8080"]
2025-02-20 00:23:03.434 [main] INFO  o.s.b.w.e.tomcat.TomcatWebServer - Tomcat started on port(s): 8080 (http) with context path ''
2025-02-20 00:23:03.446 [main] INFO  com.blog.RssServerApplication - Started RssServerApplication in 5.312 seconds (JVM running for 6.674)
2025-02-20 00:23:24.722 [http-nio-8080-exec-1] INFO  o.a.c.c.C.[Tomcat].[localhost].[/] - Initializing Spring DispatcherServlet 'dispatcherServlet'
2025-02-20 00:23:24.722 [http-nio-8080-exec-1] INFO  o.s.web.servlet.DispatcherServlet - Initializing Servlet 'dispatcherServlet'
2025-02-20 00:23:24.724 [http-nio-8080-exec-1] INFO  o.s.web.servlet.DispatcherServlet - Completed initialization in 1 ms
2025-02-20 00:23:24.968 [http-nio-8080-exec-1] INFO  com.blog.aspect.WebLogAspect - ========================================== Start ==========================================
2025-02-20 00:23:24.969 [http-nio-8080-exec-1] INFO  com.blog.aspect.WebLogAspect - User Info      : 未登录用户
2025-02-20 00:23:24.969 [http-nio-8080-exec-1] INFO  com.blog.aspect.WebLogAspect - URL            : http://localhost:8080/api/auth/login
2025-02-20 00:23:24.969 [http-nio-8080-exec-1] INFO  com.blog.aspect.WebLogAspect - HTTP Method    : POST
2025-02-20 00:23:24.971 [http-nio-8080-exec-1] INFO  com.blog.aspect.WebLogAspect - Class Method   : com.blog.controller.AuthController.login
2025-02-20 00:23:24.971 [http-nio-8080-exec-1] INFO  com.blog.aspect.WebLogAspect - IP             : 0:0:0:0:0:0:0:1
2025-02-20 00:23:24.971 [http-nio-8080-exec-1] INFO  com.blog.aspect.WebLogAspect - Request Args   : [LoginRequest(username=admin, password=$2a$10$N.zmdr9k7uOCQb376NoUnuTJ8iAt6Z5EHsM8lE9lBOsl7iKTVKIUi)]
2025-02-20 00:23:25.115 [http-nio-8080-exec-1] INFO  com.zaxxer.hikari.HikariDataSource - HikariPool-1 - Starting...
2025-02-20 00:23:25.546 [http-nio-8080-exec-1] INFO  com.zaxxer.hikari.HikariDataSource - HikariPool-1 - Start completed.
2025-02-20 00:23:25.559 [http-nio-8080-exec-1] DEBUG c.b.r.U.selectByUsername - ==>  Preparing: select id, username, password, email, avatar_url, role, is_deleted, create_time, update_time from users where username = ? and is_deleted = false
2025-02-20 00:23:25.593 [http-nio-8080-exec-1] DEBUG c.b.r.U.selectByUsername - ==> Parameters: admin(String)
2025-02-20 00:23:25.629 [http-nio-8080-exec-1] DEBUG c.b.r.U.selectByUsername - <==      Total: 1
2025-02-20 00:23:25.750 [http-nio-8080-exec-1] ERROR com.blog.aspect.WebLogAspect - Request Error  : 用户名或密码错误
2025-02-20 00:23:25.750 [http-nio-8080-exec-1] INFO  com.blog.aspect.WebLogAspect - Time Cost      : 783 ms
2025-02-20 00:23:25.751 [http-nio-8080-exec-1] INFO  com.blog.aspect.WebLogAspect - =========================================== End ===========================================
2025-02-20 00:24:16.236 [http-nio-8080-exec-2] INFO  com.blog.aspect.WebLogAspect - ========================================== Start ==========================================
2025-02-20 00:24:16.269 [http-nio-8080-exec-2] INFO  com.blog.aspect.WebLogAspect - User Info      : 未登录用户
2025-02-20 00:24:16.270 [http-nio-8080-exec-2] INFO  com.blog.aspect.WebLogAspect - URL            : http://localhost:8080/api/auth/login
2025-02-20 00:24:16.282 [http-nio-8080-exec-2] INFO  com.blog.aspect.WebLogAspect - HTTP Method    : POST
2025-02-20 00:24:16.282 [http-nio-8080-exec-2] INFO  com.blog.aspect.WebLogAspect - Class Method   : com.blog.controller.AuthController.login
2025-02-20 00:24:16.282 [http-nio-8080-exec-2] INFO  com.blog.aspect.WebLogAspect - IP             : 0:0:0:0:0:0:0:1
2025-02-20 00:24:16.282 [http-nio-8080-exec-2] INFO  com.blog.aspect.WebLogAspect - Request Args   : [LoginRequest(username=admin, password=$2a$10$N.zmdr9k7uOCQb376NoUnuTJ8iAt6Z5EHsM8lE9lBOsl7iKTVKIUi)]
2025-02-20 00:24:47.689 [HikariPool-1 housekeeper] WARN  com.zaxxer.hikari.pool.HikariPool - HikariPool-1 - Thread starvation or clock leap detected (housekeeper delta=52s38ms).
2025-02-20 00:24:47.693 [http-nio-8080-exec-2] DEBUG c.b.r.U.selectByUsername - ==>  Preparing: select id, username, password, email, avatar_url, role, is_deleted, create_time, update_time from users where username = ? and is_deleted = false
2025-02-20 00:24:47.695 [http-nio-8080-exec-2] DEBUG c.b.r.U.selectByUsername - ==> Parameters: admin(String)
2025-02-20 00:24:47.698 [http-nio-8080-exec-2] DEBUG c.b.r.U.selectByUsername - <==      Total: 1
2025-02-20 00:24:47.783 [http-nio-8080-exec-2] ERROR com.blog.aspect.WebLogAspect - Request Error  : 用户名或密码错误
2025-02-20 00:24:47.786 [http-nio-8080-exec-2] INFO  com.blog.aspect.WebLogAspect - Time Cost      : 31550 ms
2025-02-20 00:24:47.786 [http-nio-8080-exec-2] INFO  com.blog.aspect.WebLogAspect - =========================================== End ===========================================
2025-02-20 00:25:44.314 [http-nio-8080-exec-3] INFO  com.blog.aspect.WebLogAspect - ========================================== Start ==========================================
2025-02-20 00:25:44.317 [http-nio-8080-exec-3] INFO  com.blog.aspect.WebLogAspect - User Info      : 未登录用户
2025-02-20 00:25:44.317 [http-nio-8080-exec-3] INFO  com.blog.aspect.WebLogAspect - URL            : http://localhost:8080/api/auth/login
2025-02-20 00:25:44.318 [http-nio-8080-exec-3] INFO  com.blog.aspect.WebLogAspect - HTTP Method    : POST
2025-02-20 00:25:44.318 [http-nio-8080-exec-3] INFO  com.blog.aspect.WebLogAspect - Class Method   : com.blog.controller.AuthController.login
2025-02-20 00:25:44.318 [http-nio-8080-exec-3] INFO  com.blog.aspect.WebLogAspect - IP             : 0:0:0:0:0:0:0:1
2025-02-20 00:25:44.318 [http-nio-8080-exec-3] INFO  com.blog.aspect.WebLogAspect - Request Args   : [LoginRequest(username=admin, password=$2a$10$N.zmdr9k7uOCQb376NoUnuTJ8iAt6Z5EHsM8lE9lBOsl7iKTVKIUi)]
2025-02-20 00:25:52.803 [http-nio-8080-exec-3] DEBUG c.b.r.U.selectByUsername - ==>  Preparing: select id, username, password, email, avatar_url, role, is_deleted, create_time, update_time from users where username = ? and is_deleted = false
2025-02-20 00:25:52.814 [http-nio-8080-exec-3] DEBUG c.b.r.U.selectByUsername - ==> Parameters: admin(String)
2025-02-20 00:25:52.821 [http-nio-8080-exec-3] DEBUG c.b.r.U.selectByUsername - <==      Total: 1
2025-02-20 00:26:11.969 [http-nio-8080-exec-3] ERROR com.blog.aspect.WebLogAspect - Request Error  : 用户名或密码错误
2025-02-20 00:26:11.975 [http-nio-8080-exec-3] INFO  com.blog.aspect.WebLogAspect - Time Cost      : 27661 ms
2025-02-20 00:26:11.975 [http-nio-8080-exec-3] INFO  com.blog.aspect.WebLogAspect - =========================================== End ===========================================
2025-02-20 00:27:44.253 [http-nio-8080-exec-5] INFO  com.blog.aspect.WebLogAspect - ========================================== Start ==========================================
2025-02-20 00:27:44.259 [http-nio-8080-exec-5] INFO  com.blog.aspect.WebLogAspect - User Info      : 未登录用户
2025-02-20 00:27:44.260 [http-nio-8080-exec-5] INFO  com.blog.aspect.WebLogAspect - URL            : http://localhost:8080/api/auth/login
2025-02-20 00:27:44.260 [http-nio-8080-exec-5] INFO  com.blog.aspect.WebLogAspect - HTTP Method    : POST
2025-02-20 00:27:44.260 [http-nio-8080-exec-5] INFO  com.blog.aspect.WebLogAspect - Class Method   : com.blog.controller.AuthController.login
2025-02-20 00:27:44.260 [http-nio-8080-exec-5] INFO  com.blog.aspect.WebLogAspect - IP             : 0:0:0:0:0:0:0:1
2025-02-20 00:27:44.260 [http-nio-8080-exec-5] INFO  com.blog.aspect.WebLogAspect - Request Args   : [LoginRequest(username=admin, password=$2a$10$N.zmdr9k7uOCQb376NoUnuTJ8iAt6Z5EHsM8lE9lBOsl7iKTVKIUi)]
2025-02-20 00:27:44.263 [http-nio-8080-exec-5] DEBUG c.b.r.U.selectByUsername - ==>  Preparing: select id, username, password, email, avatar_url, role, is_deleted, create_time, update_time from users where username = ? and is_deleted = false
2025-02-20 00:27:44.265 [http-nio-8080-exec-5] DEBUG c.b.r.U.selectByUsername - ==> Parameters: admin(String)
2025-02-20 00:27:44.269 [http-nio-8080-exec-5] DEBUG c.b.r.U.selectByUsername - <==      Total: 1
2025-02-20 00:27:44.354 [http-nio-8080-exec-5] ERROR com.blog.aspect.WebLogAspect - Request Error  : 用户名或密码错误
2025-02-20 00:27:44.356 [http-nio-8080-exec-5] INFO  com.blog.aspect.WebLogAspect - Time Cost      : 103 ms
2025-02-20 00:27:44.356 [http-nio-8080-exec-5] INFO  com.blog.aspect.WebLogAspect - =========================================== End ===========================================
2025-02-20 00:28:07.667 [http-nio-8080-exec-6] INFO  com.blog.aspect.WebLogAspect - ========================================== Start ==========================================
2025-02-20 00:28:07.668 [http-nio-8080-exec-6] INFO  com.blog.aspect.WebLogAspect - User Info      : 未登录用户
2025-02-20 00:28:07.668 [http-nio-8080-exec-6] INFO  com.blog.aspect.WebLogAspect - URL            : http://localhost:8080/api/auth/login
2025-02-20 00:28:07.668 [http-nio-8080-exec-6] INFO  com.blog.aspect.WebLogAspect - HTTP Method    : POST
2025-02-20 00:28:07.668 [http-nio-8080-exec-6] INFO  com.blog.aspect.WebLogAspect - Class Method   : com.blog.controller.AuthController.login
2025-02-20 00:28:07.668 [http-nio-8080-exec-6] INFO  com.blog.aspect.WebLogAspect - IP             : 0:0:0:0:0:0:0:1
2025-02-20 00:28:07.668 [http-nio-8080-exec-6] INFO  com.blog.aspect.WebLogAspect - Request Args   : [LoginRequest(username=admin, password=$2a$10$N.zmdr9k7uOCQb376NoUnuTJ8iAt6Z5EHsM8lE9lBOsl7iKTVKIUi)]
2025-02-20 00:28:34.197 [http-nio-8080-exec-6] DEBUG c.b.r.U.selectByUsername - ==>  Preparing: select id, username, password, email, avatar_url, role, is_deleted, create_time, update_time from users where username = ? and is_deleted = false
2025-02-20 00:28:34.209 [http-nio-8080-exec-6] DEBUG c.b.r.U.selectByUsername - ==> Parameters: admin(String)
2025-02-20 00:28:34.216 [http-nio-8080-exec-6] DEBUG c.b.r.U.selectByUsername - <==      Total: 1
2025-02-20 00:28:40.621 [http-nio-8080-exec-6] ERROR com.blog.aspect.WebLogAspect - Request Error  : 用户名或密码错误
2025-02-20 00:28:40.626 [http-nio-8080-exec-6] INFO  com.blog.aspect.WebLogAspect - Time Cost      : 32959 ms
2025-02-20 00:28:40.627 [http-nio-8080-exec-6] INFO  com.blog.aspect.WebLogAspect - =========================================== End ===========================================
2025-02-20 00:31:17.616 [http-nio-8080-exec-8] INFO  com.blog.aspect.WebLogAspect - ========================================== Start ==========================================
2025-02-20 00:31:17.622 [http-nio-8080-exec-8] INFO  com.blog.aspect.WebLogAspect - User Info      : 未登录用户
2025-02-20 00:31:17.623 [http-nio-8080-exec-8] INFO  com.blog.aspect.WebLogAspect - URL            : http://localhost:8080/api/auth/login
2025-02-20 00:31:17.623 [http-nio-8080-exec-8] INFO  com.blog.aspect.WebLogAspect - HTTP Method    : POST
2025-02-20 00:31:17.623 [http-nio-8080-exec-8] INFO  com.blog.aspect.WebLogAspect - Class Method   : com.blog.controller.AuthController.login
2025-02-20 00:31:17.623 [http-nio-8080-exec-8] INFO  com.blog.aspect.WebLogAspect - IP             : 0:0:0:0:0:0:0:1
2025-02-20 00:31:17.623 [http-nio-8080-exec-8] INFO  com.blog.aspect.WebLogAspect - Request Args   : [LoginRequest(username=admin, password=$2a$10$N.zmdr9k7uOCQb376NoUnuTJ8iAt6Z5EHsM8lE9lBOsl7iKTVKIUi)]
2025-02-20 00:31:17.625 [http-nio-8080-exec-8] DEBUG c.b.r.U.selectByUsername - ==>  Preparing: select id, username, password, email, avatar_url, role, is_deleted, create_time, update_time from users where username = ? and is_deleted = false
2025-02-20 00:31:17.627 [http-nio-8080-exec-8] DEBUG c.b.r.U.selectByUsername - ==> Parameters: admin(String)
2025-02-20 00:31:17.631 [http-nio-8080-exec-8] DEBUG c.b.r.U.selectByUsername - <==      Total: 1
2025-02-20 00:31:17.714 [http-nio-8080-exec-8] ERROR com.blog.aspect.WebLogAspect - Request Error  : 用户名或密码错误
2025-02-20 00:31:17.716 [http-nio-8080-exec-8] INFO  com.blog.aspect.WebLogAspect - Time Cost      : 100 ms
2025-02-20 00:31:17.716 [http-nio-8080-exec-8] INFO  com.blog.aspect.WebLogAspect - =========================================== End ===========================================
2025-02-20 00:34:10.036 [SpringApplicationShutdownHook] INFO  com.zaxxer.hikari.HikariDataSource - HikariPool-1 - Shutdown initiated...
2025-02-20 00:34:10.048 [SpringApplicationShutdownHook] INFO  com.zaxxer.hikari.HikariDataSource - HikariPool-1 - Shutdown completed.
2025-02-20 00:34:17.436 [background-preinit] INFO  o.h.validator.internal.util.Version - HV000001: Hibernate Validator 6.2.3.Final
2025-02-20 00:34:17.454 [main] INFO  com.blog.RssServerApplication - Starting RssServerApplication using Java 1.8.0_341 on xiangqiancaodeMacBook-Pro.local with PID 5260 (/Users/xiangqiancao/Desktop/blog/blog-server/target/classes started by xiangqiancao in /Users/xiangqiancao/Desktop/blog/blog-server)
2025-02-20 00:34:17.455 [main] INFO  com.blog.RssServerApplication - No active profile set, falling back to 1 default profile: "default"
2025-02-20 00:34:19.154 [main] INFO  o.s.b.w.e.tomcat.TomcatWebServer - Tomcat initialized with port(s): 8080 (http)
2025-02-20 00:34:19.165 [main] INFO  o.a.coyote.http11.Http11NioProtocol - Initializing ProtocolHandler ["http-nio-8080"]
2025-02-20 00:34:19.166 [main] INFO  o.a.catalina.core.StandardService - Starting service [Tomcat]
2025-02-20 00:34:19.166 [main] INFO  o.a.catalina.core.StandardEngine - Starting Servlet engine: [Apache Tomcat/9.0.63]
2025-02-20 00:34:19.305 [main] INFO  o.a.c.c.C.[Tomcat].[localhost].[/] - Initializing Spring embedded WebApplicationContext
2025-02-20 00:34:19.305 [main] INFO  o.s.b.w.s.c.ServletWebServerApplicationContext - Root WebApplicationContext: initialization completed in 1783 ms
2025-02-20 00:34:19.811 [main] INFO  com.blog.config.MinioConfig - Initializing MinIO client with endpoint: http://localhost:9000
2025-02-20 00:34:20.714 [main] INFO  o.s.s.web.DefaultSecurityFilterChain - Will secure any request with [org.springframework.security.web.session.DisableEncodeUrlFilter@402f61f5, org.springframework.security.web.context.request.async.WebAsyncManagerIntegrationFilter@6480a063, org.springframework.security.web.context.SecurityContextPersistenceFilter@2807cf3, org.springframework.security.web.header.HeaderWriterFilter@15e5246, org.springframework.web.filter.CorsFilter@2f6f4ac4, org.springframework.security.web.authentication.logout.LogoutFilter@4bf8b77, com.blog.security.JwtAuthenticationFilter@437c4b25, org.springframework.security.web.savedrequest.RequestCacheAwareFilter@70cf7d1e, org.springframework.security.web.servletapi.SecurityContextHolderAwareRequestFilter@72f3f14c, org.springframework.security.web.authentication.AnonymousAuthenticationFilter@727dcc64, org.springframework.security.web.session.SessionManagementFilter@542ff147, org.springframework.security.web.access.ExceptionTranslationFilter@70139a81, org.springframework.security.web.access.intercept.FilterSecurityInterceptor@7fc1fd31]
2025-02-20 00:34:21.087 [main] INFO  o.a.coyote.http11.Http11NioProtocol - Starting ProtocolHandler ["http-nio-8080"]
2025-02-20 00:34:21.111 [main] INFO  o.s.b.w.e.tomcat.TomcatWebServer - Tomcat started on port(s): 8080 (http) with context path ''
2025-02-20 00:34:21.124 [main] INFO  com.blog.RssServerApplication - Started RssServerApplication in 4.697 seconds (JVM running for 5.687)
2025-02-20 00:34:26.216 [http-nio-8080-exec-1] INFO  o.a.c.c.C.[Tomcat].[localhost].[/] - Initializing Spring DispatcherServlet 'dispatcherServlet'
2025-02-20 00:34:26.216 [http-nio-8080-exec-1] INFO  o.s.web.servlet.DispatcherServlet - Initializing Servlet 'dispatcherServlet'
2025-02-20 00:34:26.217 [http-nio-8080-exec-1] INFO  o.s.web.servlet.DispatcherServlet - Completed initialization in 1 ms
2025-02-20 00:34:26.396 [http-nio-8080-exec-1] INFO  com.blog.aspect.WebLogAspect - ========================================== Start ==========================================
2025-02-20 00:34:26.397 [http-nio-8080-exec-1] INFO  com.blog.aspect.WebLogAspect - User Info      : 未登录用户
2025-02-20 00:34:26.397 [http-nio-8080-exec-1] INFO  com.blog.aspect.WebLogAspect - URL            : http://localhost:8080/api/auth/login
2025-02-20 00:34:26.397 [http-nio-8080-exec-1] INFO  com.blog.aspect.WebLogAspect - HTTP Method    : POST
2025-02-20 00:34:26.399 [http-nio-8080-exec-1] INFO  com.blog.aspect.WebLogAspect - Class Method   : com.blog.controller.AuthController.login
2025-02-20 00:34:26.400 [http-nio-8080-exec-1] INFO  com.blog.aspect.WebLogAspect - IP             : 0:0:0:0:0:0:0:1
2025-02-20 00:34:26.400 [http-nio-8080-exec-1] INFO  com.blog.aspect.WebLogAspect - Request Args   : [LoginRequest(username=admin, password=$2a$10$N.zmdr9k7uOCQb376NoUnuTJ8iAt6Z5EHsM8lE9lBOsl7iKTVKIUi)]
2025-02-20 00:34:26.553 [http-nio-8080-exec-1] INFO  com.zaxxer.hikari.HikariDataSource - HikariPool-1 - Starting...
2025-02-20 00:34:26.860 [http-nio-8080-exec-1] INFO  com.zaxxer.hikari.HikariDataSource - HikariPool-1 - Start completed.
2025-02-20 00:34:26.866 [http-nio-8080-exec-1] DEBUG c.b.r.U.selectByUsername - ==>  Preparing: select id, username, password, email, avatar_url, role, is_deleted, create_time, update_time from users where username = ? and is_deleted = false
2025-02-20 00:34:26.893 [http-nio-8080-exec-1] DEBUG c.b.r.U.selectByUsername - ==> Parameters: admin(String)
2025-02-20 00:34:26.920 [http-nio-8080-exec-1] DEBUG c.b.r.U.selectByUsername - <==      Total: 1
2025-02-20 00:34:27.043 [http-nio-8080-exec-1] ERROR com.blog.aspect.WebLogAspect - Request Error  : 用户名或密码错误
2025-02-20 00:34:27.044 [http-nio-8080-exec-1] INFO  com.blog.aspect.WebLogAspect - Time Cost      : 649 ms
2025-02-20 00:34:27.044 [http-nio-8080-exec-1] INFO  com.blog.aspect.WebLogAspect - =========================================== End ===========================================
2025-02-20 00:34:27.051 [http-nio-8080-exec-1] ERROR c.b.exception.GlobalExceptionHandler - 认证失败
org.springframework.security.authentication.BadCredentialsException: 用户名或密码错误
	at org.springframework.security.authentication.dao.DaoAuthenticationProvider.additionalAuthenticationChecks(DaoAuthenticationProvider.java:79)
	at org.springframework.security.authentication.dao.AbstractUserDetailsAuthenticationProvider.authenticate(AbstractUserDetailsAuthenticationProvider.java:147)
	at org.springframework.security.authentication.ProviderManager.authenticate(ProviderManager.java:182)
	at com.blog.service.impl.UserServiceImpl.login(UserServiceImpl.java:71)
	at com.blog.service.impl.UserServiceImpl$$FastClassBySpringCGLIB$$15bf4f4.invoke(<generated>)
	at org.springframework.cglib.proxy.MethodProxy.invoke(MethodProxy.java:218)
	at org.springframework.aop.framework.CglibAopProxy.invokeMethod(CglibAopProxy.java:386)
	at org.springframework.aop.framework.CglibAopProxy.access$000(CglibAopProxy.java:85)
	at org.springframework.aop.framework.CglibAopProxy$DynamicAdvisedInterceptor.intercept(CglibAopProxy.java:704)
	at com.blog.service.impl.UserServiceImpl$$EnhancerBySpringCGLIB$$eb646b3.login(<generated>)
	at com.blog.controller.AuthController.login(AuthController.java:31)
	at com.blog.controller.AuthController$$FastClassBySpringCGLIB$$c41702d7.invoke(<generated>)
	at org.springframework.cglib.proxy.MethodProxy.invoke(MethodProxy.java:218)
	at org.springframework.aop.framework.CglibAopProxy$CglibMethodInvocation.invokeJoinpoint(CglibAopProxy.java:793)
	at org.springframework.aop.framework.ReflectiveMethodInvocation.proceed(ReflectiveMethodInvocation.java:163)
	at org.springframework.aop.framework.CglibAopProxy$CglibMethodInvocation.proceed(CglibAopProxy.java:763)
	at org.springframework.aop.aspectj.MethodInvocationProceedingJoinPoint.proceed(MethodInvocationProceedingJoinPoint.java:89)
	at com.blog.aspect.WebLogAspect.doAround(WebLogAspect.java:54)
	at sun.reflect.NativeMethodAccessorImpl.invoke0(Native Method)
	at sun.reflect.NativeMethodAccessorImpl.invoke(NativeMethodAccessorImpl.java:62)
	at sun.reflect.DelegatingMethodAccessorImpl.invoke(DelegatingMethodAccessorImpl.java:43)
	at java.lang.reflect.Method.invoke(Method.java:498)
	at org.springframework.aop.aspectj.AbstractAspectJAdvice.invokeAdviceMethodWithGivenArgs(AbstractAspectJAdvice.java:634)
	at org.springframework.aop.aspectj.AbstractAspectJAdvice.invokeAdviceMethod(AbstractAspectJAdvice.java:624)
	at org.springframework.aop.aspectj.AspectJAroundAdvice.invoke(AspectJAroundAdvice.java:72)
	at org.springframework.aop.framework.ReflectiveMethodInvocation.proceed(ReflectiveMethodInvocation.java:186)
	at org.springframework.aop.framework.CglibAopProxy$CglibMethodInvocation.proceed(CglibAopProxy.java:763)
	at org.springframework.aop.interceptor.ExposeInvocationInterceptor.invoke(ExposeInvocationInterceptor.java:97)
	at org.springframework.aop.framework.ReflectiveMethodInvocation.proceed(ReflectiveMethodInvocation.java:186)
	at org.springframework.aop.framework.CglibAopProxy$CglibMethodInvocation.proceed(CglibAopProxy.java:763)
	at org.springframework.aop.framework.CglibAopProxy$DynamicAdvisedInterceptor.intercept(CglibAopProxy.java:708)
	at com.blog.controller.AuthController$$EnhancerBySpringCGLIB$$e5618342.login(<generated>)
	at sun.reflect.NativeMethodAccessorImpl.invoke0(Native Method)
	at sun.reflect.NativeMethodAccessorImpl.invoke(NativeMethodAccessorImpl.java:62)
	at sun.reflect.DelegatingMethodAccessorImpl.invoke(DelegatingMethodAccessorImpl.java:43)
	at java.lang.reflect.Method.invoke(Method.java:498)
	at org.springframework.web.method.support.InvocableHandlerMethod.doInvoke(InvocableHandlerMethod.java:205)
	at org.springframework.web.method.support.InvocableHandlerMethod.invokeForRequest(InvocableHandlerMethod.java:150)
	at org.springframework.web.servlet.mvc.method.annotation.ServletInvocableHandlerMethod.invokeAndHandle(ServletInvocableHandlerMethod.java:117)
	at org.springframework.web.servlet.mvc.method.annotation.RequestMappingHandlerAdapter.invokeHandlerMethod(RequestMappingHandlerAdapter.java:895)
	at org.springframework.web.servlet.mvc.method.annotation.RequestMappingHandlerAdapter.handleInternal(RequestMappingHandlerAdapter.java:808)
	at org.springframework.web.servlet.mvc.method.AbstractHandlerMethodAdapter.handle(AbstractHandlerMethodAdapter.java:87)
	at org.springframework.web.servlet.DispatcherServlet.doDispatch(DispatcherServlet.java:1067)
	at org.springframework.web.servlet.DispatcherServlet.doService(DispatcherServlet.java:963)
	at org.springframework.web.servlet.FrameworkServlet.processRequest(FrameworkServlet.java:1006)
	at org.springframework.web.servlet.FrameworkServlet.doPost(FrameworkServlet.java:909)
	at javax.servlet.http.HttpServlet.service(HttpServlet.java:681)
	at org.springframework.web.servlet.FrameworkServlet.service(FrameworkServlet.java:883)
	at javax.servlet.http.HttpServlet.service(HttpServlet.java:764)
	at org.apache.catalina.core.ApplicationFilterChain.internalDoFilter(ApplicationFilterChain.java:227)
	at org.apache.catalina.core.ApplicationFilterChain.doFilter(ApplicationFilterChain.java:162)
	at org.apache.tomcat.websocket.server.WsFilter.doFilter(WsFilter.java:53)
	at org.apache.catalina.core.ApplicationFilterChain.internalDoFilter(ApplicationFilterChain.java:189)
	at org.apache.catalina.core.ApplicationFilterChain.doFilter(ApplicationFilterChain.java:162)
	at org.springframework.web.filter.OncePerRequestFilter.doFilter(OncePerRequestFilter.java:111)
	at org.apache.catalina.core.ApplicationFilterChain.internalDoFilter(ApplicationFilterChain.java:189)
	at org.apache.catalina.core.ApplicationFilterChain.doFilter(ApplicationFilterChain.java:162)
	at org.springframework.security.web.FilterChainProxy$VirtualFilterChain.doFilter(FilterChainProxy.java:327)
	at org.springframework.security.web.access.intercept.FilterSecurityInterceptor.invoke(FilterSecurityInterceptor.java:115)
	at org.springframework.security.web.access.intercept.FilterSecurityInterceptor.doFilter(FilterSecurityInterceptor.java:81)
	at org.springframework.security.web.FilterChainProxy$VirtualFilterChain.doFilter(FilterChainProxy.java:336)
	at org.springframework.security.web.access.ExceptionTranslationFilter.doFilter(ExceptionTranslationFilter.java:122)
	at org.springframework.security.web.access.ExceptionTranslationFilter.doFilter(ExceptionTranslationFilter.java:116)
	at org.springframework.security.web.FilterChainProxy$VirtualFilterChain.doFilter(FilterChainProxy.java:336)
	at org.springframework.security.web.session.SessionManagementFilter.doFilter(SessionManagementFilter.java:126)
	at org.springframework.security.web.session.SessionManagementFilter.doFilter(SessionManagementFilter.java:81)
	at org.springframework.security.web.FilterChainProxy$VirtualFilterChain.doFilter(FilterChainProxy.java:336)
	at org.springframework.security.web.authentication.AnonymousAuthenticationFilter.doFilter(AnonymousAuthenticationFilter.java:109)
	at org.springframework.security.web.FilterChainProxy$VirtualFilterChain.doFilter(FilterChainProxy.java:336)
	at org.springframework.security.web.servletapi.SecurityContextHolderAwareRequestFilter.doFilter(SecurityContextHolderAwareRequestFilter.java:149)
	at org.springframework.security.web.FilterChainProxy$VirtualFilterChain.doFilter(FilterChainProxy.java:336)
	at org.springframework.security.web.savedrequest.RequestCacheAwareFilter.doFilter(RequestCacheAwareFilter.java:63)
	at org.springframework.security.web.FilterChainProxy$VirtualFilterChain.doFilter(FilterChainProxy.java:336)
	at com.blog.security.JwtAuthenticationFilter.doFilterInternal(JwtAuthenticationFilter.java:44)
	at org.springframework.web.filter.OncePerRequestFilter.doFilter(OncePerRequestFilter.java:117)
	at org.springframework.security.web.FilterChainProxy$VirtualFilterChain.doFilter(FilterChainProxy.java:336)
	at org.springframework.security.web.authentication.logout.LogoutFilter.doFilter(LogoutFilter.java:103)
	at org.springframework.security.web.authentication.logout.LogoutFilter.doFilter(LogoutFilter.java:89)
	at org.springframework.security.web.FilterChainProxy$VirtualFilterChain.doFilter(FilterChainProxy.java:336)
	at org.springframework.web.filter.CorsFilter.doFilterInternal(CorsFilter.java:91)
	at org.springframework.web.filter.OncePerRequestFilter.doFilter(OncePerRequestFilter.java:117)
	at org.springframework.security.web.FilterChainProxy$VirtualFilterChain.doFilter(FilterChainProxy.java:336)
	at org.springframework.security.web.header.HeaderWriterFilter.doHeadersAfter(HeaderWriterFilter.java:90)
	at org.springframework.security.web.header.HeaderWriterFilter.doFilterInternal(HeaderWriterFilter.java:75)
	at org.springframework.web.filter.OncePerRequestFilter.doFilter(OncePerRequestFilter.java:117)
	at org.springframework.security.web.FilterChainProxy$VirtualFilterChain.doFilter(FilterChainProxy.java:336)
	at org.springframework.security.web.context.SecurityContextPersistenceFilter.doFilter(SecurityContextPersistenceFilter.java:112)
	at org.springframework.security.web.context.SecurityContextPersistenceFilter.doFilter(SecurityContextPersistenceFilter.java:82)
	at org.springframework.security.web.FilterChainProxy$VirtualFilterChain.doFilter(FilterChainProxy.java:336)
	at org.springframework.security.web.context.request.async.WebAsyncManagerIntegrationFilter.doFilterInternal(WebAsyncManagerIntegrationFilter.java:55)
	at org.springframework.web.filter.OncePerRequestFilter.doFilter(OncePerRequestFilter.java:117)
	at org.springframework.security.web.FilterChainProxy$VirtualFilterChain.doFilter(FilterChainProxy.java:336)
	at org.springframework.security.web.session.DisableEncodeUrlFilter.doFilterInternal(DisableEncodeUrlFilter.java:42)
	at org.springframework.web.filter.OncePerRequestFilter.doFilter(OncePerRequestFilter.java:117)
	at org.springframework.security.web.FilterChainProxy$VirtualFilterChain.doFilter(FilterChainProxy.java:336)
	at org.springframework.security.web.FilterChainProxy.doFilterInternal(FilterChainProxy.java:211)
	at org.springframework.security.web.FilterChainProxy.doFilter(FilterChainProxy.java:183)
	at org.springframework.web.filter.DelegatingFilterProxy.invokeDelegate(DelegatingFilterProxy.java:354)
	at org.springframework.web.filter.DelegatingFilterProxy.doFilter(DelegatingFilterProxy.java:267)
	at org.apache.catalina.core.ApplicationFilterChain.internalDoFilter(ApplicationFilterChain.java:189)
	at org.apache.catalina.core.ApplicationFilterChain.doFilter(ApplicationFilterChain.java:162)
	at org.springframework.web.filter.RequestContextFilter.doFilterInternal(RequestContextFilter.java:100)
	at org.springframework.web.filter.OncePerRequestFilter.doFilter(OncePerRequestFilter.java:117)
	at org.apache.catalina.core.ApplicationFilterChain.internalDoFilter(ApplicationFilterChain.java:189)
	at org.apache.catalina.core.ApplicationFilterChain.doFilter(ApplicationFilterChain.java:162)
	at org.springframework.web.filter.FormContentFilter.doFilterInternal(FormContentFilter.java:93)
	at org.springframework.web.filter.OncePerRequestFilter.doFilter(OncePerRequestFilter.java:117)
	at org.apache.catalina.core.ApplicationFilterChain.internalDoFilter(ApplicationFilterChain.java:189)
	at org.apache.catalina.core.ApplicationFilterChain.doFilter(ApplicationFilterChain.java:162)
	at org.springframework.web.filter.CharacterEncodingFilter.doFilterInternal(CharacterEncodingFilter.java:201)
	at org.springframework.web.filter.OncePerRequestFilter.doFilter(OncePerRequestFilter.java:117)
	at org.apache.catalina.core.ApplicationFilterChain.internalDoFilter(ApplicationFilterChain.java:189)
	at org.apache.catalina.core.ApplicationFilterChain.doFilter(ApplicationFilterChain.java:162)
	at org.apache.catalina.core.StandardWrapperValve.invoke(StandardWrapperValve.java:197)
	at org.apache.catalina.core.StandardContextValve.invoke(StandardContextValve.java:97)
	at org.apache.catalina.authenticator.AuthenticatorBase.invoke(AuthenticatorBase.java:541)
	at org.apache.catalina.core.StandardHostValve.invoke(StandardHostValve.java:135)
	at org.apache.catalina.valves.ErrorReportValve.invoke(ErrorReportValve.java:92)
	at org.apache.catalina.core.StandardEngineValve.invoke(StandardEngineValve.java:78)
	at org.apache.catalina.connector.CoyoteAdapter.service(CoyoteAdapter.java:360)
	at org.apache.coyote.http11.Http11Processor.service(Http11Processor.java:399)
	at org.apache.coyote.AbstractProcessorLight.process(AbstractProcessorLight.java:65)
	at org.apache.coyote.AbstractProtocol$ConnectionHandler.process(AbstractProtocol.java:890)
	at org.apache.tomcat.util.net.NioEndpoint$SocketProcessor.doRun(NioEndpoint.java:1743)
	at org.apache.tomcat.util.net.SocketProcessorBase.run(SocketProcessorBase.java:49)
	at org.apache.tomcat.util.threads.ThreadPoolExecutor.runWorker(ThreadPoolExecutor.java:1191)
	at org.apache.tomcat.util.threads.ThreadPoolExecutor$Worker.run(ThreadPoolExecutor.java:659)
	at org.apache.tomcat.util.threads.TaskThread$WrappingRunnable.run(TaskThread.java:61)
	at java.lang.Thread.run(Thread.java:750)
2025-02-20 00:39:34.968 [SpringApplicationShutdownHook] INFO  com.zaxxer.hikari.HikariDataSource - HikariPool-1 - Shutdown initiated...
2025-02-20 00:39:34.984 [SpringApplicationShutdownHook] INFO  com.zaxxer.hikari.HikariDataSource - HikariPool-1 - Shutdown completed.
2025-02-20 00:39:42.030 [background-preinit] INFO  o.h.validator.internal.util.Version - HV000001: Hibernate Validator 6.2.3.Final
2025-02-20 00:39:42.035 [main] INFO  com.blog.RssServerApplication - Starting RssServerApplication using Java 1.8.0_341 on xiangqiancaodeMacBook-Pro.local with PID 5665 (/Users/xiangqiancao/Desktop/blog/blog-server/target/classes started by xiangqiancao in /Users/xiangqiancao/Desktop/blog/blog-server)
2025-02-20 00:39:42.046 [main] INFO  com.blog.RssServerApplication - No active profile set, falling back to 1 default profile: "default"
2025-02-20 00:39:43.560 [main] INFO  o.s.b.w.e.tomcat.TomcatWebServer - Tomcat initialized with port(s): 8080 (http)
2025-02-20 00:39:43.567 [main] INFO  o.a.coyote.http11.Http11NioProtocol - Initializing ProtocolHandler ["http-nio-8080"]
2025-02-20 00:39:43.568 [main] INFO  o.a.catalina.core.StandardService - Starting service [Tomcat]
2025-02-20 00:39:43.568 [main] INFO  o.a.catalina.core.StandardEngine - Starting Servlet engine: [Apache Tomcat/9.0.63]
2025-02-20 00:39:43.680 [main] INFO  o.a.c.c.C.[Tomcat].[localhost].[/] - Initializing Spring embedded WebApplicationContext
2025-02-20 00:39:43.680 [main] INFO  o.s.b.w.s.c.ServletWebServerApplicationContext - Root WebApplicationContext: initialization completed in 1576 ms
2025-02-20 00:39:44.191 [main] INFO  com.blog.config.MinioConfig - Initializing MinIO client with endpoint: http://localhost:9000
2025-02-20 00:39:45.428 [main] INFO  o.s.s.web.DefaultSecurityFilterChain - Will secure any request with [org.springframework.security.web.session.DisableEncodeUrlFilter@da5d5e1, org.springframework.security.web.context.request.async.WebAsyncManagerIntegrationFilter@7d7d8911, org.springframework.security.web.context.SecurityContextPersistenceFilter@632d4cf2, org.springframework.security.web.header.HeaderWriterFilter@70139a81, org.springframework.web.filter.CorsFilter@460eb276, org.springframework.security.web.authentication.logout.LogoutFilter@11ad095c, com.blog.security.JwtAuthenticationFilter@6c075e9d, org.springframework.security.web.savedrequest.RequestCacheAwareFilter@645ba24a, org.springframework.security.web.servletapi.SecurityContextHolderAwareRequestFilter@5f6a8efe, org.springframework.security.web.authentication.AnonymousAuthenticationFilter@4ffe3d42, org.springframework.security.web.session.SessionManagementFilter@2c3f43d1, org.springframework.security.web.access.ExceptionTranslationFilter@224e6e88, org.springframework.security.web.access.intercept.FilterSecurityInterceptor@6814262d]
2025-02-20 00:39:45.960 [main] INFO  o.a.coyote.http11.Http11NioProtocol - Starting ProtocolHandler ["http-nio-8080"]
2025-02-20 00:39:45.984 [main] INFO  o.s.b.w.e.tomcat.TomcatWebServer - Tomcat started on port(s): 8080 (http) with context path ''
2025-02-20 00:39:45.994 [main] INFO  com.blog.RssServerApplication - Started RssServerApplication in 4.809 seconds (JVM running for 5.608)
2025-02-20 00:39:50.976 [http-nio-8080-exec-2] INFO  o.a.c.c.C.[Tomcat].[localhost].[/] - Initializing Spring DispatcherServlet 'dispatcherServlet'
2025-02-20 00:39:50.976 [http-nio-8080-exec-2] INFO  o.s.web.servlet.DispatcherServlet - Initializing Servlet 'dispatcherServlet'
2025-02-20 00:39:50.978 [http-nio-8080-exec-2] INFO  o.s.web.servlet.DispatcherServlet - Completed initialization in 1 ms
2025-02-20 00:39:51.152 [http-nio-8080-exec-2] INFO  com.blog.aspect.WebLogAspect - ========================================== Start ==========================================
2025-02-20 00:39:51.152 [http-nio-8080-exec-2] INFO  com.blog.aspect.WebLogAspect - User Info      : 未登录用户
2025-02-20 00:39:51.152 [http-nio-8080-exec-2] INFO  com.blog.aspect.WebLogAspect - URL            : http://localhost:8080/api/auth/login
2025-02-20 00:39:51.152 [http-nio-8080-exec-2] INFO  com.blog.aspect.WebLogAspect - HTTP Method    : POST
2025-02-20 00:39:51.154 [http-nio-8080-exec-2] INFO  com.blog.aspect.WebLogAspect - Class Method   : com.blog.controller.AuthController.login
2025-02-20 00:39:51.154 [http-nio-8080-exec-2] INFO  com.blog.aspect.WebLogAspect - IP             : 0:0:0:0:0:0:0:1
2025-02-20 00:39:51.154 [http-nio-8080-exec-2] INFO  com.blog.aspect.WebLogAspect - Request Args   : [LoginRequest(username=admin, password=$2a$10$N.zmdr9k7uOCQb376NoUnuTJ8iAt6Z5EHsM8lE9lBOsl7iKTVKIUi)]
2025-02-20 00:39:51.180 [http-nio-8080-exec-2] INFO  com.zaxxer.hikari.HikariDataSource - HikariPool-1 - Starting...
2025-02-20 00:39:51.351 [http-nio-8080-exec-2] INFO  com.zaxxer.hikari.HikariDataSource - HikariPool-1 - Start completed.
2025-02-20 00:39:51.527 [http-nio-8080-exec-2] DEBUG c.b.r.U.selectByUsername - ==>  Preparing: select id, username, password, email, avatar_url, role, is_deleted, create_time, update_time from users where username = ? and is_deleted = false
2025-02-20 00:39:51.577 [http-nio-8080-exec-2] DEBUG c.b.r.U.selectByUsername - ==> Parameters: admin(String)
2025-02-20 00:39:51.600 [http-nio-8080-exec-2] DEBUG c.b.r.U.selectByUsername - <==      Total: 1
2025-02-20 00:39:51.691 [http-nio-8080-exec-2] ERROR com.blog.aspect.WebLogAspect - Request Error  : 操作失败
2025-02-20 00:39:51.691 [http-nio-8080-exec-2] INFO  com.blog.aspect.WebLogAspect - Time Cost      : 540 ms
2025-02-20 00:39:51.692 [http-nio-8080-exec-2] INFO  com.blog.aspect.WebLogAspect - =========================================== End ===========================================
2025-02-20 00:40:12.522 [http-nio-8080-exec-1] INFO  com.blog.aspect.WebLogAspect - ========================================== Start ==========================================
2025-02-20 00:40:12.523 [http-nio-8080-exec-1] INFO  com.blog.aspect.WebLogAspect - User Info      : 未登录用户
2025-02-20 00:40:12.526 [http-nio-8080-exec-1] INFO  com.blog.aspect.WebLogAspect - URL            : http://localhost:8080/api/auth/login
2025-02-20 00:40:12.526 [http-nio-8080-exec-1] INFO  com.blog.aspect.WebLogAspect - HTTP Method    : POST
2025-02-20 00:40:12.526 [http-nio-8080-exec-1] INFO  com.blog.aspect.WebLogAspect - Class Method   : com.blog.controller.AuthController.login
2025-02-20 00:40:12.526 [http-nio-8080-exec-1] INFO  com.blog.aspect.WebLogAspect - IP             : 0:0:0:0:0:0:0:1
2025-02-20 00:40:12.526 [http-nio-8080-exec-1] INFO  com.blog.aspect.WebLogAspect - Request Args   : [LoginRequest(username=admin, password=$2a$10$N.zmdr9k7uOCQb376NoUnuTJ8iAt6Z5EHsM8lE9lBOsl7iKTVKIUi)]
2025-02-20 00:40:12.531 [http-nio-8080-exec-1] DEBUG c.b.r.U.selectByUsername - ==>  Preparing: select id, username, password, email, avatar_url, role, is_deleted, create_time, update_time from users where username = ? and is_deleted = false
2025-02-20 00:40:12.532 [http-nio-8080-exec-1] DEBUG c.b.r.U.selectByUsername - ==> Parameters: admin(String)
2025-02-20 00:40:12.537 [http-nio-8080-exec-1] DEBUG c.b.r.U.selectByUsername - <==      Total: 1
2025-02-20 00:41:36.003 [http-nio-8080-exec-1] ERROR com.blog.aspect.WebLogAspect - Request Error  : 操作失败
2025-02-20 00:41:36.004 [http-nio-8080-exec-1] INFO  com.blog.aspect.WebLogAspect - Time Cost      : 83482 ms
2025-02-20 00:41:36.004 [http-nio-8080-exec-1] INFO  com.blog.aspect.WebLogAspect - =========================================== End ===========================================
2025-02-20 00:41:36.003 [HikariPool-1 housekeeper] WARN  com.zaxxer.hikari.pool.HikariPool - HikariPool-1 - Thread starvation or clock leap detected (housekeeper delta=1m14s290ms).
2025-02-20 00:41:36.186 [SpringApplicationShutdownHook] INFO  com.zaxxer.hikari.HikariDataSource - HikariPool-1 - Shutdown initiated...
2025-02-20 00:41:36.196 [SpringApplicationShutdownHook] INFO  com.zaxxer.hikari.HikariDataSource - HikariPool-1 - Shutdown completed.
2025-02-20 00:41:42.637 [background-preinit] INFO  o.h.validator.internal.util.Version - HV000001: Hibernate Validator 6.2.3.Final
2025-02-20 00:41:42.644 [main] INFO  com.blog.RssServerApplication - Starting RssServerApplication using Java 1.8.0_341 on xiangqiancaodeMacBook-Pro.local with PID 5722 (/Users/xiangqiancao/Desktop/blog/blog-server/target/classes started by xiangqiancao in /Users/xiangqiancao/Desktop/blog/blog-server)
2025-02-20 00:41:42.646 [main] INFO  com.blog.RssServerApplication - No active profile set, falling back to 1 default profile: "default"
2025-02-20 00:41:44.052 [main] INFO  o.s.b.w.e.tomcat.TomcatWebServer - Tomcat initialized with port(s): 8080 (http)
2025-02-20 00:41:44.060 [main] INFO  o.a.coyote.http11.Http11NioProtocol - Initializing ProtocolHandler ["http-nio-8080"]
2025-02-20 00:41:44.060 [main] INFO  o.a.catalina.core.StandardService - Starting service [Tomcat]
2025-02-20 00:41:44.060 [main] INFO  o.a.catalina.core.StandardEngine - Starting Servlet engine: [Apache Tomcat/9.0.63]
2025-02-20 00:41:44.176 [main] INFO  o.a.c.c.C.[Tomcat].[localhost].[/] - Initializing Spring embedded WebApplicationContext
2025-02-20 00:41:44.176 [main] INFO  o.s.b.w.s.c.ServletWebServerApplicationContext - Root WebApplicationContext: initialization completed in 1471 ms
2025-02-20 00:41:44.613 [main] INFO  com.blog.config.MinioConfig - Initializing MinIO client with endpoint: http://localhost:9000
2025-02-20 00:41:45.498 [main] INFO  o.s.s.web.DefaultSecurityFilterChain - Will secure any request with [org.springframework.security.web.session.DisableEncodeUrlFilter@40863800, org.springframework.security.web.context.request.async.WebAsyncManagerIntegrationFilter@5950054d, org.springframework.security.web.context.SecurityContextPersistenceFilter@4cd7e993, org.springframework.security.web.header.HeaderWriterFilter@6253e59a, org.springframework.web.filter.CorsFilter@24018c8b, org.springframework.security.web.authentication.logout.LogoutFilter@56b05bd7, com.blog.security.JwtAuthenticationFilter@5600a5da, org.springframework.security.web.savedrequest.RequestCacheAwareFilter@350f18a6, org.springframework.security.web.servletapi.SecurityContextHolderAwareRequestFilter@147c00aa, org.springframework.security.web.authentication.AnonymousAuthenticationFilter@4cf230bf, org.springframework.security.web.session.SessionManagementFilter@586737ff, org.springframework.security.web.access.ExceptionTranslationFilter@31b6b0c7, org.springframework.security.web.access.intercept.FilterSecurityInterceptor@2f73f0c7]
2025-02-20 00:41:45.820 [main] INFO  o.a.coyote.http11.Http11NioProtocol - Starting ProtocolHandler ["http-nio-8080"]
2025-02-20 00:41:45.843 [main] INFO  o.s.b.w.e.tomcat.TomcatWebServer - Tomcat started on port(s): 8080 (http) with context path ''
2025-02-20 00:41:45.854 [main] INFO  com.blog.RssServerApplication - Started RssServerApplication in 4.059 seconds (JVM running for 4.878)
2025-02-20 00:41:49.553 [http-nio-8080-exec-1] INFO  o.a.c.c.C.[Tomcat].[localhost].[/] - Initializing Spring DispatcherServlet 'dispatcherServlet'
2025-02-20 00:41:49.553 [http-nio-8080-exec-1] INFO  o.s.web.servlet.DispatcherServlet - Initializing Servlet 'dispatcherServlet'
2025-02-20 00:41:49.554 [http-nio-8080-exec-1] INFO  o.s.web.servlet.DispatcherServlet - Completed initialization in 1 ms
2025-02-20 00:41:49.719 [http-nio-8080-exec-1] INFO  com.blog.aspect.WebLogAspect - ========================================== Start ==========================================
2025-02-20 00:41:49.719 [http-nio-8080-exec-1] INFO  com.blog.aspect.WebLogAspect - User Info      : 未登录用户
2025-02-20 00:41:49.719 [http-nio-8080-exec-1] INFO  com.blog.aspect.WebLogAspect - URL            : http://localhost:8080/api/auth/login
2025-02-20 00:41:49.720 [http-nio-8080-exec-1] INFO  com.blog.aspect.WebLogAspect - HTTP Method    : POST
2025-02-20 00:41:49.721 [http-nio-8080-exec-1] INFO  com.blog.aspect.WebLogAspect - Class Method   : com.blog.controller.AuthController.login
2025-02-20 00:41:49.721 [http-nio-8080-exec-1] INFO  com.blog.aspect.WebLogAspect - IP             : 0:0:0:0:0:0:0:1
2025-02-20 00:41:49.721 [http-nio-8080-exec-1] INFO  com.blog.aspect.WebLogAspect - Request Args   : [LoginRequest(username=admin, password=$2a$10$N.zmdr9k7uOCQb376NoUnuTJ8iAt6Z5EHsM8lE9lBOsl7iKTVKIUi)]
2025-02-20 00:41:49.748 [http-nio-8080-exec-1] INFO  com.zaxxer.hikari.HikariDataSource - HikariPool-1 - Starting...
2025-02-20 00:41:50.185 [http-nio-8080-exec-1] INFO  com.zaxxer.hikari.HikariDataSource - HikariPool-1 - Start completed.
2025-02-20 00:41:50.191 [http-nio-8080-exec-1] DEBUG c.b.r.U.selectByUsername - ==>  Preparing: select id, username, password, email, avatar_url, role, is_deleted, create_time, update_time from users where username = ? and is_deleted = false
2025-02-20 00:41:50.214 [http-nio-8080-exec-1] DEBUG c.b.r.U.selectByUsername - ==> Parameters: admin(String)
2025-02-20 00:41:50.235 [http-nio-8080-exec-1] DEBUG c.b.r.U.selectByUsername - <==      Total: 1
2025-02-20 00:42:18.728 [http-nio-8080-exec-1] INFO  com.blog.aspect.WebLogAspect - Response       : {"code":200,"message":"操作成功","data":{"token":"eyJhbGciOiJIUzUxMiJ9.eyJzdWIiOiJhZG1pbiIsImV4cCI6MTc0MDA2OTcxNiwiaWF0IjoxNzM5OTgzMzE2fQ.nLuPX0ty3p0YjqCp2p0xkMmDQ64nuo3ER0QsDCaxjJZaIY24cNrO6WxK-Q0p8S6sFBn5ish-7PPdRCE1B17_qQ","user":{"id":1,"username":"admin","email":"admin@blog.com","avatarUrl":null,"role":"ADMIN","createTime":"2025-02-19T16:22:55","updateTime":"2025-02-19T16:22:55"}},"timestamp":1739983338706}
2025-02-20 00:42:18.728 [http-nio-8080-exec-1] INFO  com.blog.aspect.WebLogAspect - Time Cost      : 29010 ms
2025-02-20 00:42:18.728 [http-nio-8080-exec-1] INFO  com.blog.aspect.WebLogAspect - =========================================== End ===========================================
2025-02-20 00:42:52.464 [http-nio-8080-exec-2] DEBUG c.b.r.U.selectByUsername - ==>  Preparing: select id, username, password, email, avatar_url, role, is_deleted, create_time, update_time from users where username = ? and is_deleted = false
2025-02-20 00:42:52.465 [http-nio-8080-exec-2] DEBUG c.b.r.U.selectByUsername - ==> Parameters: admin(String)
2025-02-20 00:42:52.467 [http-nio-8080-exec-2] DEBUG c.b.r.U.selectByUsername - <==      Total: 1
2025-02-20 00:42:52.494 [http-nio-8080-exec-2] INFO  com.blog.aspect.WebLogAspect - ========================================== Start ==========================================
2025-02-20 00:42:52.494 [http-nio-8080-exec-2] INFO  com.blog.aspect.WebLogAspect - User Info      : userId:1
2025-02-20 00:42:52.495 [http-nio-8080-exec-2] INFO  com.blog.aspect.WebLogAspect - URL            : http://localhost:8080/api/files/user/avatars
2025-02-20 00:42:52.495 [http-nio-8080-exec-2] INFO  com.blog.aspect.WebLogAspect - HTTP Method    : POST
2025-02-20 00:42:52.495 [http-nio-8080-exec-2] INFO  com.blog.aspect.WebLogAspect - Class Method   : com.blog.controller.FileController.uploadUserAvatar
2025-02-20 00:42:52.495 [http-nio-8080-exec-2] INFO  com.blog.aspect.WebLogAspect - IP             : 0:0:0:0:0:0:0:1
2025-02-20 00:42:52.495 [http-nio-8080-exec-2] INFO  com.blog.aspect.WebLogAspect - Request Args   : [org.springframework.web.multipart.support.StandardMultipartHttpServletRequest$StandardMultipartFile@5665230b]
2025-02-20 00:42:57.353 [http-nio-8080-exec-2] INFO  com.blog.aspect.WebLogAspect - Response       : {"code":200,"message":"操作成功","data":"http://localhost:9000/blog/blog/users/avatars/2025/02/20/5c1bd2dc-a4bc-4b7c-86c4-2e4409c74b12.jpeg?X-Amz-Algorithm=AWS4-HMAC-SHA256&X-Amz-Credential=minioadmin%2F20250219%2Fus-east-1%2Fs3%2Faws4_request&X-Amz-Date=20250219T164257Z&X-Amz-Expires=86400&X-Amz-SignedHeaders=host&X-Amz-Signature=585dfc96e949753404927073b38a7242961d23e463a4bfb794b3eee920a7bc33","timestamp":1739983377353}
2025-02-20 00:42:57.353 [http-nio-8080-exec-2] INFO  com.blog.aspect.WebLogAspect - Time Cost      : 4859 ms
2025-02-20 00:42:57.354 [http-nio-8080-exec-2] INFO  com.blog.aspect.WebLogAspect - =========================================== End ===========================================
